<?xml version="1.0" encoding="UTF-8"?>
<!-- Generated by org.testng.reporters.JUnitXMLReporter -->
<testsuite ignored="0" hostname="DESKTOP-5OT4PUP" failures="0" tests="4" name="Default test" time="10.518" errors="0" timestamp="2025-08-12T20:22:59 IST">
  <testcase classname="tests.LoginTest" name="loginFunctionality" time="0.646"/>
  <testcase classname="tests.LoginTest" name="AddProduct" time="0.885"/>
  <testcase classname="tests.LoginTest" name="CartVerification" time="0.389"/>
  <testcase classname="tests.LoginTest" name="Checkout" time="0.969"/>
</testsuite> <!-- Default test -->
