<?xml version="1.0" encoding="UTF-8"?>
<!-- Generated by org.testng.reporters.JUnitXMLReporter -->
<testsuite ignored="1" hostname="DESKTOP-5OT4PUP" failures="0" tests="4" name="Test.xml" time="9.499" errors="0" timestamp="2025-08-12T20:45:35 IST">
  <testcase classname="tests.ApplicationTest" name="loginFunctionality" time="1.118"/>
  <testcase classname="tests.ApplicationTest" name="AddProduct" time="1.464"/>
  <testcase classname="tests.ApplicationTest" name="CartVerification" time="0.713"/>
  <testcase classname="tests.ApplicationTest" name="Checkout" time="1.516"/>
  <testcase classname="Base.BaseTest" name="@BeforeSuite extentReport" time="0.0">
    <ignored/>
  </testcase> <!-- @BeforeSuite extentReport -->
</testsuite> <!-- Test.xml -->
