<?xml version="1.0" encoding="UTF-8"?>
<!-- Generated by org.testng.reporters.JUnitXMLReporter -->
<testsuite ignored="1" hostname="DESKTOP-5OT4PUP" failures="0" tests="4" name="ChromeTest" time="19.201" errors="0" timestamp="2025-08-12T22:05:27 IST">
  <testcase classname="tests.ApplicationTest" name="loginFunctionality" time="2.168"/>
  <testcase classname="tests.ApplicationTest" name="AddProduct" time="3.108"/>
  <testcase classname="tests.ApplicationTest" name="CartVerification" time="1.118"/>
  <testcase classname="tests.ApplicationTest" name="Checkout" time="5.407"/>
  <testcase classname="Base.BaseTest" name="@BeforeSuite extentReport" time="0.0">
    <ignored/>
  </testcase> <!-- @BeforeSuite extentReport -->
</testsuite> <!-- ChromeTest -->
